TN:
SF:src/router.ts
FN:26,(anonymous_0)
FN:39,(anonymous_1)
FNF:2
FNH:2
FNDA:4,(anonymous_0)
FNDA:5,(anonymous_1)
DA:1,2
DA:2,2
DA:3,2
DA:4,2
DA:6,2
DA:9,2
DA:12,2
DA:20,2
DA:26,4
DA:32,2
DA:39,5
DA:47,2
DA:53,2
DA:59,2
LF:14
LH:14
BRF:0
BRH:0
end_of_record
TN:
SF:src/server.ts
FN:7,(anonymous_1)
FNF:1
FNH:1
FNDA:3,(anonymous_1)
DA:1,2
DA:2,2
DA:3,2
DA:4,2
DA:7,2
DA:8,3
DA:9,3
DA:10,2
DA:13,1
DA:14,1
DA:17,2
DA:20,2
DA:23,2
DA:26,2
DA:34,2
LF:15
LH:15
BRF:0
BRH:0
end_of_record
TN:
SF:src/config/db.ts
FNF:0
FNH:0
DA:1,2
DA:2,2
DA:3,2
DA:5,2
DA:15,2
LF:5
LH:5
BRF:0
BRH:0
end_of_record
TN:
SF:src/handlers/product.ts
FN:5,(anonymous_1)
FN:22,(anonymous_2)
FN:44,(anonymous_3)
FN:54,(anonymous_4)
FN:77,(anonymous_5)
FN:100,(anonymous_6)
FNF:6
FNH:6
FNDA:2,(anonymous_1)
FNDA:2,(anonymous_2)
FNDA:1,(anonymous_3)
FNDA:2,(anonymous_4)
FNDA:2,(anonymous_5)
FNDA:2,(anonymous_6)
DA:2,2
DA:5,2
DA:6,2
DA:7,2
DA:15,2
DA:17,0
DA:22,2
DA:24,2
DA:26,2
DA:27,2
DA:32,2
DA:33,1
DA:37,1
DA:39,0
DA:44,2
DA:45,1
DA:46,1
DA:47,1
DA:49,0
DA:54,2
DA:56,2
DA:57,2
DA:59,2
DA:60,2
DA:61,1
DA:66,1
DA:67,1
DA:69,1
DA:72,0
DA:77,2
DA:79,2
DA:80,2
DA:82,2
DA:83,2
DA:84,1
DA:89,1
DA:90,1
DA:92,1
DA:95,0
DA:100,2
DA:102,2
DA:103,2
DA:105,2
DA:106,2
DA:107,1
DA:112,1
DA:114,1
DA:117,0
LF:48
LH:42
BRDA:32,0,0,1
BRDA:60,1,0,1
BRDA:83,2,0,1
BRDA:106,3,0,1
BRF:4
BRH:4
end_of_record
TN:
SF:src/middleware/index.ts
FN:4,(anonymous_0)
FNF:1
FNH:1
FNDA:18,(anonymous_0)
DA:2,2
DA:4,2
DA:6,18
DA:7,18
DA:8,9
DA:11,9
LF:6
LH:6
BRDA:7,0,0,9
BRF:1
BRH:1
end_of_record
TN:
SF:src/models/Model.product.ts
FNF:0
FNH:0
DA:1,3
DA:7,3
DA:11,3
DA:16,3
DA:22,3
DA:25,3
LF:6
LH:6
BRF:0
BRH:0
end_of_record
